15:20:54.313 [main] DEBUG io.netty.util.internal.InternalThreadLocalMap - -Dio.netty.threadLocalMap.stringBuilder.maxSize: 4096
15:20:54.462 [main] DEBUG io.netty.handler.ssl.JdkSslContext - Default protocols (JDK): [TLSv1.3, TLSv1.2] 
15:20:54.462 [main] DEBUG io.netty.handler.ssl.JdkSslContext - Default cipher suites (JDK): [TLS_ECDHE_ECDSA_WITH_AES_256_GCM_SHA384, TLS_ECDHE_ECDSA_WITH_AES_128_GCM_SHA256, TLS_ECDHE_RSA_WITH_AES_128_GCM_SHA256, TLS_ECDHE_RSA_WITH_AES_256_GCM_SHA384, TLS_ECDHE_RSA_WITH_AES_128_CBC_SHA, TLS_ECDHE_RSA_WITH_AES_256_CBC_SHA, TLS_RSA_WITH_AES_128_GCM_SHA256, TLS_RSA_WITH_AES_128_CBC_SHA, TLS_RSA_WITH_AES_256_CBC_SHA, TLS_AES_128_GCM_SHA256, TLS_AES_256_GCM_SHA384]
15:20:54.474 [main] DEBUG io.netty.util.concurrent.GlobalEventExecutor - -Dio.netty.globalEventExecutor.quietPeriodSeconds: 1
15:20:54.491 [main] DEBUG io.netty.channel.MultithreadEventLoopGroup - -Dio.netty.eventLoopThreads: 32
15:20:54.499 [main] DEBUG io.netty.channel.nio.NioEventLoop - -Dio.netty.noKeySetOptimization: false
15:20:54.499 [main] DEBUG io.netty.channel.nio.NioEventLoop - -Dio.netty.selectorAutoRebuildThreshold: 512
15:20:54.554 [main] DEBUG io.netty.buffer.PooledByteBufAllocator - -Dio.netty.allocator.numHeapArenas: 32
15:20:54.554 [main] DEBUG io.netty.buffer.PooledByteBufAllocator - -Dio.netty.allocator.numDirectArenas: 32
15:20:54.554 [main] DEBUG io.netty.buffer.PooledByteBufAllocator - -Dio.netty.allocator.pageSize: 8192
15:20:54.554 [main] DEBUG io.netty.buffer.PooledByteBufAllocator - -Dio.netty.allocator.maxOrder: 9
15:20:54.555 [main] DEBUG io.netty.buffer.PooledByteBufAllocator - -Dio.netty.allocator.chunkSize: 4194304
15:20:54.555 [main] DEBUG io.netty.buffer.PooledByteBufAllocator - -Dio.netty.allocator.smallCacheSize: 256
15:20:54.555 [main] DEBUG io.netty.buffer.PooledByteBufAllocator - -Dio.netty.allocator.normalCacheSize: 64
15:20:54.555 [main] DEBUG io.netty.buffer.PooledByteBufAllocator - -Dio.netty.allocator.maxCachedBufferCapacity: 32768
15:20:54.555 [main] DEBUG io.netty.buffer.PooledByteBufAllocator - -Dio.netty.allocator.cacheTrimInterval: 8192
15:20:54.555 [main] DEBUG io.netty.buffer.PooledByteBufAllocator - -Dio.netty.allocator.cacheTrimIntervalMillis: 0
15:20:54.555 [main] DEBUG io.netty.buffer.PooledByteBufAllocator - -Dio.netty.allocator.useCacheForAllThreads: false
15:20:54.555 [main] DEBUG io.netty.buffer.PooledByteBufAllocator - -Dio.netty.allocator.maxCachedByteBuffersPerChunk: 1023
15:20:54.573 [main] DEBUG io.netty.buffer.ByteBufUtil - -Dio.netty.allocator.type: pooled
15:20:54.573 [main] DEBUG io.netty.buffer.ByteBufUtil - -Dio.netty.threadLocalDirectBufferSize: 0
15:20:54.573 [main] DEBUG io.netty.buffer.ByteBufUtil - -Dio.netty.maxThreadLocalCharBufferSize: 16384
15:20:54.857 [Forwarding newSession on session null to remote] DEBUG io.netty.channel.DefaultChannelId - -Dio.netty.processId: 13136 (auto-detected)
15:20:54.859 [Forwarding newSession on session null to remote] DEBUG io.netty.util.NetUtil - -Djava.net.preferIPv4Stack: false
15:20:54.860 [Forwarding newSession on session null to remote] DEBUG io.netty.util.NetUtil - -Djava.net.preferIPv6Addresses: false
15:20:54.869 [Forwarding newSession on session null to remote] DEBUG io.netty.util.NetUtilInitializations - Loopback interface: lo (Software Loopback Interface 1, 127.0.0.1)
15:20:54.870 [Forwarding newSession on session null to remote] DEBUG io.netty.util.NetUtil - Failed to get SOMAXCONN from sysctl and file \proc\sys\net\core\somaxconn. Default: 200
15:20:54.881 [Forwarding newSession on session null to remote] DEBUG io.netty.channel.DefaultChannelId - -Dio.netty.machineId: 64:6e:e0:ff:fe:73:22:51 (auto-detected)
15:20:54.925 [AsyncHttpClient-1-2] DEBUG io.netty.buffer.AbstractByteBuf - -Dio.netty.buffer.checkAccessible: true
15:20:54.925 [AsyncHttpClient-1-2] DEBUG io.netty.buffer.AbstractByteBuf - -Dio.netty.buffer.checkBounds: true
15:20:54.925 [AsyncHttpClient-1-2] DEBUG io.netty.util.ResourceLeakDetectorFactory - Loaded default ResourceLeakDetector: io.netty.util.ResourceLeakDetector@60794aef
15:20:54.947 [AsyncHttpClient-1-2] DEBUG io.netty.util.Recycler - -Dio.netty.recycler.maxCapacityPerThread: 4096
15:20:54.947 [AsyncHttpClient-1-2] DEBUG io.netty.util.Recycler - -Dio.netty.recycler.ratio: 8
15:20:54.948 [AsyncHttpClient-1-2] DEBUG io.netty.util.Recycler - -Dio.netty.recycler.chunkSize: 32
15:20:54.948 [AsyncHttpClient-1-2] DEBUG io.netty.util.Recycler - -Dio.netty.recycler.blocking: false
15:20:54.948 [AsyncHttpClient-1-2] DEBUG io.netty.util.Recycler - -Dio.netty.recycler.batchFastThreadLocalOnly: true
15:20:55.494 [AsyncHttpClient-1-2] DEBUG io.netty.handler.codec.compression.Brotli - brotli4j not in the classpath; Brotli support will be unavailable.
15:20:55.583 [main] DEBUG io.netty.util.internal.ThreadLocalRandom - -Dio.netty.initialSeedUniquifier: 0xf1015652b287033a
15:20:56.106 [main] INFO  testCases.TC_002_LoginTest - ***Starting TC_002_LoginTest ***
15:20:56.197 [main] INFO  testCases.TC_002_LoginTest - clikced on my acount
15:20:56.421 [main] INFO  testCases.TC_002_LoginTest - clikced on login link
15:20:56.422 [main] INFO  testCases.TC_002_LoginTest - providing login details
15:20:56.609 [main] INFO  testCases.TC_002_LoginTest - clicked on loging button
15:20:56.874 [main] INFO  testCases.TC_002_LoginTest - ***Finished TC_002_LoginTest ***
15:21:38.831 [main] INFO  testCases.TC_002_LoginTest - ***Starting TC_002_LoginTest ***
15:21:38.925 [main] INFO  testCases.TC_002_LoginTest - clikced on my acount
15:21:39.143 [main] INFO  testCases.TC_002_LoginTest - clikced on login link
15:21:39.144 [main] INFO  testCases.TC_002_LoginTest - providing login details
15:21:39.314 [main] INFO  testCases.TC_002_LoginTest - clicked on loging button
15:21:39.599 [main] INFO  testCases.TC_002_LoginTest - ***Finished TC_002_LoginTest ***
16:12:02.572 [main] INFO  testCases.TC_003_LoginDDT - ***Starting TC_003_LoginDDT ***
16:12:03.051 [main] INFO  testCases.TC_003_LoginDDT - clicked on loging button
16:12:03.643 [main] INFO  testCases.TC_003_LoginDDT - ***Finished TC_003_LoginDDT ***
16:12:03.660 [main] INFO  testCases.TC_003_LoginDDT - ***Starting TC_003_LoginDDT ***
16:12:04.038 [main] INFO  testCases.TC_003_LoginDDT - clicked on loging button
16:12:14.052 [main] INFO  testCases.TC_003_LoginDDT - ***Finished TC_003_LoginDDT ***
16:12:14.054 [main] INFO  testCases.TC_003_LoginDDT - ***Starting TC_003_LoginDDT ***
16:12:14.418 [main] INFO  testCases.TC_003_LoginDDT - clicked on loging button
16:12:24.500 [main] INFO  testCases.TC_003_LoginDDT - ***Finished TC_003_LoginDDT ***
16:12:24.504 [main] INFO  testCases.TC_003_LoginDDT - ***Starting TC_003_LoginDDT ***
16:12:24.907 [main] INFO  testCases.TC_003_LoginDDT - clicked on loging button
16:12:34.918 [main] INFO  testCases.TC_003_LoginDDT - ***Finished TC_003_LoginDDT ***
16:12:34.921 [main] INFO  testCases.TC_003_LoginDDT - ***Starting TC_003_LoginDDT ***
20:29:52.772 [main] INFO  testCases.TC_003_LoginDDT - ***Starting TC_003_LoginDDT ***
20:29:53.579 [main] INFO  testCases.TC_003_LoginDDT - clicked on loging button
20:29:54.291 [main] INFO  testCases.TC_003_LoginDDT - ***Finished TC_003_LoginDDT ***
20:29:54.309 [main] INFO  testCases.TC_003_LoginDDT - ***Starting TC_003_LoginDDT ***
20:29:54.764 [main] INFO  testCases.TC_003_LoginDDT - clicked on loging button
20:30:04.821 [main] INFO  testCases.TC_003_LoginDDT - ***Finished TC_003_LoginDDT ***
20:30:04.823 [main] INFO  testCases.TC_003_LoginDDT - ***Starting TC_003_LoginDDT ***
20:30:05.344 [main] INFO  testCases.TC_003_LoginDDT - clicked on loging button
20:30:15.365 [main] INFO  testCases.TC_003_LoginDDT - ***Finished TC_003_LoginDDT ***
20:30:15.367 [main] INFO  testCases.TC_003_LoginDDT - ***Starting TC_003_LoginDDT ***
20:30:15.910 [main] INFO  testCases.TC_003_LoginDDT - clicked on loging button
20:30:25.936 [main] INFO  testCases.TC_003_LoginDDT - ***Finished TC_003_LoginDDT ***
20:30:25.938 [main] INFO  testCases.TC_003_LoginDDT - ***Starting TC_003_LoginDDT ***
20:30:26.436 [main] INFO  testCases.TC_003_LoginDDT - clicked on loging button
20:30:27.113 [main] INFO  testCases.TC_003_LoginDDT - ***Finished TC_003_LoginDDT ***
20:30:47.898 [main] INFO  testCases.TC_003_LoginDDT - ***Starting TC_003_LoginDDT ***
20:30:48.552 [main] INFO  testCases.TC_003_LoginDDT - clicked on loging button
20:30:49.234 [main] INFO  testCases.TC_003_LoginDDT - ***Finished TC_003_LoginDDT ***
20:30:49.252 [main] INFO  testCases.TC_003_LoginDDT - ***Starting TC_003_LoginDDT ***
20:30:49.718 [main] INFO  testCases.TC_003_LoginDDT - clicked on loging button
20:30:59.783 [main] INFO  testCases.TC_003_LoginDDT - ***Finished TC_003_LoginDDT ***
20:30:59.785 [main] INFO  testCases.TC_003_LoginDDT - ***Starting TC_003_LoginDDT ***
20:31:00.253 [main] INFO  testCases.TC_003_LoginDDT - clicked on loging button
20:31:10.319 [main] INFO  testCases.TC_003_LoginDDT - ***Finished TC_003_LoginDDT ***
20:31:10.322 [main] INFO  testCases.TC_003_LoginDDT - ***Starting TC_003_LoginDDT ***
20:31:10.925 [main] INFO  testCases.TC_003_LoginDDT - clicked on loging button
20:31:20.946 [main] INFO  testCases.TC_003_LoginDDT - ***Finished TC_003_LoginDDT ***
20:31:20.950 [main] INFO  testCases.TC_003_LoginDDT - ***Starting TC_003_LoginDDT ***
20:31:21.485 [main] INFO  testCases.TC_003_LoginDDT - clicked on loging button
20:31:22.182 [main] INFO  testCases.TC_003_LoginDDT - ***Finished TC_003_LoginDDT ***
21:12:27.296 [main] INFO  testCases.TC_003_LoginDDT - ***Starting TC_003_LoginDDT ***
21:12:27.919 [main] INFO  testCases.TC_003_LoginDDT - clicked on loging button
21:12:28.526 [main] INFO  testCases.TC_003_LoginDDT - ***Finished TC_003_LoginDDT ***
21:12:28.544 [main] INFO  testCases.TC_003_LoginDDT - ***Starting TC_003_LoginDDT ***
21:12:28.976 [main] INFO  testCases.TC_003_LoginDDT - clicked on loging button
21:12:39.024 [main] INFO  testCases.TC_003_LoginDDT - ***Finished TC_003_LoginDDT ***
21:12:39.026 [main] INFO  testCases.TC_003_LoginDDT - ***Starting TC_003_LoginDDT ***
21:12:39.412 [main] INFO  testCases.TC_003_LoginDDT - clicked on loging button
21:12:49.430 [main] INFO  testCases.TC_003_LoginDDT - ***Finished TC_003_LoginDDT ***
21:12:49.432 [main] INFO  testCases.TC_003_LoginDDT - ***Starting TC_003_LoginDDT ***
21:12:49.864 [main] INFO  testCases.TC_003_LoginDDT - clicked on loging button
21:12:59.898 [main] INFO  testCases.TC_003_LoginDDT - ***Finished TC_003_LoginDDT ***
21:12:59.900 [main] INFO  testCases.TC_003_LoginDDT - ***Starting TC_003_LoginDDT ***
21:13:00.310 [main] INFO  testCases.TC_003_LoginDDT - clicked on loging button
21:13:00.889 [main] INFO  testCases.TC_003_LoginDDT - ***Finished TC_003_LoginDDT ***
21:29:10.523 [main] INFO  testCases.TC_001_AccountRegistrationTest - *** starting TC_001_AccountRegistrationTest ***
21:29:10.640 [main] INFO  testCases.TC_001_AccountRegistrationTest - clicked on myaccount
21:29:11.016 [main] INFO  testCases.TC_001_AccountRegistrationTest - clicked on Register link
21:29:11.019 [main] INFO  testCases.TC_001_AccountRegistrationTest - providing customer data
21:29:12.437 [main] ERROR testCases.TC_001_AccountRegistrationTest - test failed
21:29:14.333 [main] INFO  testCases.TC_002_LoginTest - ***Starting TC_002_LoginTest ***
21:29:14.424 [main] INFO  testCases.TC_002_LoginTest - clikced on my acount
21:29:14.804 [main] INFO  testCases.TC_002_LoginTest - clikced on login link
21:29:14.806 [main] INFO  testCases.TC_002_LoginTest - providing login details
21:29:15.027 [main] INFO  testCases.TC_002_LoginTest - clicked on loging button
21:29:15.392 [main] INFO  testCases.TC_002_LoginTest - ***Finished TC_002_LoginTest ***
21:33:55.829 [main] INFO  testCases.TC_001_AccountRegistrationTest - *** starting TC_001_AccountRegistrationTest ***
21:33:55.945 [main] INFO  testCases.TC_001_AccountRegistrationTest - clicked on myaccount
21:33:56.301 [main] INFO  testCases.TC_001_AccountRegistrationTest - clicked on Register link
21:33:56.304 [main] INFO  testCases.TC_001_AccountRegistrationTest - providing customer data
21:33:57.733 [main] ERROR testCases.TC_001_AccountRegistrationTest - test failed
21:33:59.701 [main] INFO  testCases.TC_002_LoginTest - ***Starting TC_002_LoginTest ***
21:33:59.792 [main] INFO  testCases.TC_002_LoginTest - clikced on my acount
21:34:00.152 [main] INFO  testCases.TC_002_LoginTest - clikced on login link
21:34:00.154 [main] INFO  testCases.TC_002_LoginTest - providing login details
21:34:00.412 [main] INFO  testCases.TC_002_LoginTest - clicked on loging button
21:34:00.788 [main] INFO  testCases.TC_002_LoginTest - ***Finished TC_002_LoginTest ***
21:35:50.866 [main] INFO  testCases.TC_001_AccountRegistrationTest - *** starting TC_001_AccountRegistrationTest ***
21:35:50.992 [main] INFO  testCases.TC_001_AccountRegistrationTest - clicked on myaccount
21:35:51.372 [main] INFO  testCases.TC_001_AccountRegistrationTest - clicked on Register link
21:35:51.374 [main] INFO  testCases.TC_001_AccountRegistrationTest - providing customer data
21:35:52.758 [main] ERROR testCases.TC_001_AccountRegistrationTest - test failed
12:12:14.724 [main] INFO  testCases.TC_001_AccountRegistrationTest - *** starting TC_001_AccountRegistrationTest ***
12:12:14.845 [main] INFO  testCases.TC_001_AccountRegistrationTest - clicked on myaccount
12:12:15.190 [main] INFO  testCases.TC_001_AccountRegistrationTest - clicked on Register link
12:12:15.193 [main] INFO  testCases.TC_001_AccountRegistrationTest - providing customer data
12:12:16.661 [main] ERROR testCases.TC_001_AccountRegistrationTest - test failed
12:12:18.614 [main] INFO  testCases.TC_002_LoginTest - ***Starting TC_002_LoginTest ***
12:12:18.705 [main] INFO  testCases.TC_002_LoginTest - clikced on my acount
12:12:19.033 [main] INFO  testCases.TC_002_LoginTest - clikced on login link
12:12:19.035 [main] INFO  testCases.TC_002_LoginTest - providing login details
12:12:19.290 [main] INFO  testCases.TC_002_LoginTest - clicked on loging button
12:12:19.667 [main] INFO  testCases.TC_002_LoginTest - ***Finished TC_002_LoginTest ***
